<?xml version="1.0" encoding="UTF-8"?>
<testng-results ignored="0" total="1" passed="1" failed="0" skipped="0">
  <reporter-output>
  </reporter-output>
  <suite started-at="2022-05-17T21:41:52 IST" name="Default suite" finished-at="2022-05-17T21:42:05 IST" duration-ms="13331">
    <groups>
    </groups>
    <test started-at="2022-05-17T21:41:52 IST" name="Default test" finished-at="2022-05-17T21:42:05 IST" duration-ms="13331">
      <class name="Runner.TestCase7">
        <test-method is-config="true" signature="initialze()[pri:0, instance:Runner.TestCase7@12dae582]" started-at="2022-05-17T21:41:52 IST" name="initialze" finished-at="2022-05-17T21:41:55 IST" duration-ms="3176" status="PASS">
          <reporter-output>
          </reporter-output>
        </test-method> <!-- initialze -->
        <test-method signature="Test7navigation()[pri:0, instance:Runner.TestCase7@12dae582]" started-at="2022-05-17T21:41:55 IST" name="Test7navigation" finished-at="2022-05-17T21:42:05 IST" duration-ms="9651" status="PASS">
          <reporter-output>
          </reporter-output>
        </test-method> <!-- Test7navigation -->
        <test-method is-config="true" signature="tearDownMethod(org.testng.ITestResult)[pri:0, instance:Runner.TestCase7@12dae582]" started-at="2022-05-17T21:42:05 IST" name="tearDownMethod" finished-at="2022-05-17T21:42:05 IST" duration-ms="6" status="PASS">
          <params>
            <param index="0">
              <value>
                <![CDATA[[TestResult name=Test7navigation status=SUCCESS method=TestCase7.Test7navigation()[pri:0, instance:Runner.TestCase7@12dae582] output={null}]]]>
              </value>
            </param>
          </params>
          <reporter-output>
          </reporter-output>
        </test-method> <!-- tearDownMethod -->
        <test-method is-config="true" signature="teardown()[pri:0, instance:Runner.TestCase7@12dae582]" started-at="2022-05-17T21:42:05 IST" name="teardown" finished-at="2022-05-17T21:42:05 IST" duration-ms="366" status="PASS">
          <reporter-output>
          </reporter-output>
        </test-method> <!-- teardown -->
      </class> <!-- Runner.TestCase7 -->
    </test> <!-- Default test -->
  </suite> <!-- Default suite -->
</testng-results>
