<?xml version="1.0" encoding="UTF-8"?>
<testng-results ignored="0" total="1" passed="1" failed="0" skipped="0">
  <reporter-output>
  </reporter-output>
  <suite started-at="2022-05-17T22:44:54 IST" name="Default suite" finished-at="2022-05-17T22:45:08 IST" duration-ms="13727">
    <groups>
    </groups>
    <test started-at="2022-05-17T22:44:54 IST" name="Default test" finished-at="2022-05-17T22:45:08 IST" duration-ms="13727">
      <class name="Runner.TestCase9">
        <test-method is-config="true" signature="initialze()[pri:0, instance:Runner.TestCase9@12dae582]" started-at="2022-05-17T22:44:54 IST" name="initialze" finished-at="2022-05-17T22:44:57 IST" duration-ms="3313" status="PASS">
          <reporter-output>
          </reporter-output>
        </test-method> <!-- initialze -->
        <test-method signature="Test9navigation()[pri:0, instance:Runner.TestCase9@12dae582]" started-at="2022-05-17T22:44:57 IST" name="Test9navigation" finished-at="2022-05-17T22:45:05 IST" duration-ms="8042" status="PASS">
          <reporter-output>
          </reporter-output>
        </test-method> <!-- Test9navigation -->
        <test-method is-config="true" signature="tearDownMethod(org.testng.ITestResult)[pri:0, instance:Runner.TestCase9@12dae582]" started-at="2022-05-17T22:45:06 IST" name="tearDownMethod" finished-at="2022-05-17T22:45:06 IST" duration-ms="19" status="PASS">
          <params>
            <param index="0">
              <value>
                <![CDATA[[TestResult name=Test9navigation status=SUCCESS method=TestCase9.Test9navigation()[pri:0, instance:Runner.TestCase9@12dae582] output={null}]]]>
              </value>
            </param>
          </params>
          <reporter-output>
          </reporter-output>
        </test-method> <!-- tearDownMethod -->
        <test-method is-config="true" signature="teardown()[pri:0, instance:Runner.TestCase9@12dae582]" started-at="2022-05-17T22:45:06 IST" name="teardown" finished-at="2022-05-17T22:45:08 IST" duration-ms="2236" status="PASS">
          <reporter-output>
          </reporter-output>
        </test-method> <!-- teardown -->
      </class> <!-- Runner.TestCase9 -->
    </test> <!-- Default test -->
  </suite> <!-- Default suite -->
</testng-results>
